<?xml version="1.0" encoding="UTF-8"?>
<testng-results ignored="0" total="1" passed="1" failed="0" skipped="0">
  <reporter-output>
  </reporter-output>
  <suite started-at="2022-05-04T19:41:49 IST" name="Default suite" finished-at="2022-05-04T19:42:02 IST" duration-ms="13085">
    <groups>
    </groups>
    <test started-at="2022-05-04T19:41:49 IST" name="Default test" finished-at="2022-05-04T19:42:02 IST" duration-ms="13085">
      <class name="Test.LoginTest">
        <test-method is-config="true" signature="CallBrowser()[pri:0, instance:Test.LoginTest@6da21078]" started-at="2022-05-04T19:41:49 IST" name="CallBrowser" finished-at="2022-05-04T19:41:56 IST" duration-ms="7574" status="PASS">
          <reporter-output>
          </reporter-output>
        </test-method> <!-- CallBrowser -->
        <test-method signature="LoginWithCredentials()[pri:0, instance:Test.LoginTest@6da21078]" started-at="2022-05-04T19:41:56 IST" name="LoginWithCredentials" finished-at="2022-05-04T19:42:02 IST" duration-ms="5429" status="PASS">
          <reporter-output>
          </reporter-output>
        </test-method> <!-- LoginWithCredentials -->
      </class> <!-- Test.LoginTest -->
    </test> <!-- Default test -->
  </suite> <!-- Default suite -->
</testng-results>
